<?xml version="1.0" encoding="UTF-8"?>
<testsuites>
	<testsuite tests="1" errors="0" failures="1" time="0" timestamp="2019-01-30T17:04:36">
		<testcase classname="#iterateArray" name="should iterate over an original array to create a new array with updated elements from the original array&amp;apos;" time="0">
			<failure type="" message="ReferenceError: Can&amp;apos;t find variable: iterateArray in file:///home/cloudycua/javascript-intro-to-arrays-v-000/spec/array-spec.js (line 41)">
file:///home/cloudycua/javascript-intro-to-arrays-v-000/spec/array-spec.js:41:26
attemptSync@file:///home/cloudycua/javascript-intro-to-arrays-v-000/tmpTestSupport/jasmine.js:1510:16
run@file:///home/cloudycua/javascript-intro-to-arrays-v-000/tmpTestSupport/jasmine.js:1498:20
execute@file:///home/cloudycua/javascript-intro-to-arrays-v-000/tmpTestSupport/jasmine.js:1485:13
queueRunnerFactory@file:///home/cloudycua/javascript-intro-to-arrays-v-000/tmpTestSupport/jasmine.js:518:42
execute@file:///home/cloudycua/javascript-intro-to-arrays-v-000/tmpTestSupport/jasmine.js:306:28
file:///home/cloudycua/javascript-intro-to-arrays-v-000/tmpTestSupport/jasmine.js:1708:44
attemptAsync@file:///home/cloudycua/javascript-intro-to-arrays-v-000/tmpTestSupport/jasmine.js:1520:16
run@file:///home/cloudycua/javascript-intro-to-arrays-v-000/tmpTestSupport/jasmine.js:1496:28
execute@file:///home/cloudycua/javascript-intro-to-arrays-v-000/tmpTestSupport/jasmine.js:1485:13
queueRunnerFactory@file:///home/cloudycua/javascript-intro-to-arrays-v-000/tmpTestSupport/jasmine.js:518:42
execute@file:///home/cloudycua/javascript-intro-to-arrays-v-000/tmpTestSupport/jasmine.js:1694:21
file:///home/cloudycua/javascript-intro-to-arrays-v-000/tmpTestSupport/jasmine.js:1708:44
attemptAsync@file:///home/cloudycua/javascript-intro-to-arrays-v-000/tmpTestSupport/jasmine.js:1520:16
run@file:///home/cloudycua/javascript-intro-to-arrays-v-000/tmpTestSupport/jasmine.js:1496:28
next@file:///home/cloudycua/javascript-intro-to-arrays-v-000/tmpTestSupport/jasmine.js:1517:40
complete@file:///home/cloudycua/javascript-intro-to-arrays-v-000/tmpTestSupport/jasmine.js:1703:19
clearStack@file:///home/cloudycua/javascript-intro-to-arrays-v-000/tmpTestSupport/jasmine.js:506:11
run@file:///home/cloudycua/javascript-intro-to-arrays-v-000/tmpTestSupport/jasmine.js:1505:22
next@file:///home/cloudycua/javascript-intro-to-arrays-v-000/tmpTestSupport/jasmine.js:1517:40
complete@file:///home/cloudycua/javascript-intro-to-arrays-v-000/tmpTestSupport/jasmine.js:333:19
clearStack@file:///home/cloudycua/javascript-intro-to-arrays-v-000/tmpTestSupport/jasmine.js:506:11
run@file:///home/cloudycua/javascript-intro-to-arrays-v-000/tmpTestSupport/jasmine.js:1505:22
execute@file:///home/cloudycua/javascript-intro-to-arrays-v-000/tmpTestSupport/jasmine.js:1485:13
queueRunnerFactory@file:///home/cloudycua/javascript-intro-to-arrays-v-000/tmpTestSupport/jasmine.js:518:42
execute@file:///home/cloudycua/javascript-intro-to-arrays-v-000/tmpTestSupport/jasmine.js:306:28
file:///home/cloudycua/javascript-intro-to-arrays-v-000/tmpTestSupport/jasmine.js:1708:44
attemptAsync@file:///home/cloudycua/javascript-intro-to-arrays-v-000/tmpTestSupport/jasmine.js:1520:16
run@file:///home/cloudycua/javascript-intro-to-arrays-v-000/tmpTestSupport/jasmine.js:1496:28
execute@file:///home/cloudycua/javascript-intro-to-arrays-v-000/tmpTestSupport/jasmine.js:1485:13
queueRunnerFactory@file:///home/cloudycua/javascript-intro-to-arrays-v-000/tmpTestSupport/jasmine.js:518:42
execute@file:///home/cloudycua/javascript-intro-to-arrays-v-000/tmpTestSupport/jasmine.js:1694:21
file:///home/cloudycua/javascript-intro-to-arrays-v-000/tmpTestSupport/jasmine.js:1708:44
attemptAsync@file:///home/cloudycua/javascript-intro-to-arrays-v-000/tmpTestSupport/jasmine.js:1520:16
run@file:///home/cloudycua/javascript-intro-to-arrays-v-000/tmpTestSupport/jasmine.js:1496:28
next@file:///home/cloudycua/javascript-intro-to-arrays-v-000/tmpTestSupport/jasmine.js:1517:40
complete@file:///home/cloudycua/javascript-intro-to-arrays-v-000/tmpTestSupport/jasmine.js:1703:19
clearStack@file:///home/cloudycua/javascript-intro-to-arrays-v-000/tmpTestSupport/jasmine.js:506:11
run@file:///home/cloudycua/javascript-intro-to-arrays-v-000/tmpTestSupport/jasmine.js:1505:22
next@file:///home/cloudycua/javascript-intro-to-arrays-v-000/tmpTestSupport/jasmine.js:1517:40
complete@file:///home/cloudycua/javascript-intro-to-arrays-v-000/tmpTestSupport/jasmine.js:333:19
clearStack@file:///home/cloudycua/javascript-intro-to-arrays-v-000/tmpTestSupport/jasmine.js:506:11
run@file:///home/cloudycua/javascript-intro-to-arrays-v-000/tmpTestSupport/jasmine.js:1505:22
execute@file:///home/cloudycua/javascript-intro-to-arrays-v-000/tmpTestSupport/jasmine.js:1485:13
queueRunnerFactory@file:///home/cloudycua/javascript-intro-to-arrays-v-000/tmpTestSupport/jasmine.js:518:42
execute@file:///home/cloudycua/javascript-intro-to-arrays-v-000/tmpTestSupport/jasmine.js:306:28
file:///home/cloudycua/javascript-intro-to-arrays-v-000/tmpTestSupport/jasmine.js:1708:44
attemptAsync@file:///home/cloudycua/javascript-intro-to-arrays-v-000/tmpTestSupport/jasmine.js:1520:16
run@file:///home/cloudycua/javascript-intro-to-arrays-v-000/tmpTestSupport/jasmine.js:1496:28
execute@file:///home/cloudycua/javascript-intro-to-arrays-v-000/tmpTestSupport/jasmine.js:1485:13
queueRunnerFactory@file:///home/cloudycua/javascript-intro-to-arrays-v-000/tmpTestSupport/jasmine.js:518:42
execute@file:///home/cloudycua/javascript-intro-to-arrays-v-000/tmpTestSupport/jasmine.js:1694:21
file:///home/cloudycua/javascript-intro-to-arrays-v-000/tmpTestSupport/jasmine.js:1708:44
attemptAsync@file:///home/cloudycua/javascript-intro-to-arrays-v-000/tmpTestSupport/jasmine.js:1520:16
run@file:///home/cloudycua/javascript-intro-to-arrays-v-000/tmpTestSupport/jasmine.js:1496:28
next@file:///home/cloudycua/javascript-intro-to-arrays-v-000/tmpTestSupport/jasmine.js:1517:40
complete@file:///home/cloudycua/javascript-intro-to-arrays-v-000/tmpTestSupport/jasmine.js:1703:19
clearStack@file:///home/cloudycua/javascript-intro-to-arrays-v-000/tmpTestSupport/jasmine.js:506:11
run@file:///home/cloudycua/javascript-intro-to-arrays-v-000/tmpTestSupport/jasmine.js:1505:22
next@file:///home/cloudycua/javascript-intro-to-arrays-v-000/tmpTestSupport/jasmine.js:1517:40
complete@file:///home/cloudycua/javascript-intro-to-arrays-v-000/tmpTestSupport/jasmine.js:333:19
clearStack@file:///home/cloudycua/javascript-intro-to-arrays-v-000/tmpTestSupport/jasmine.js:506:11
run@file:///home/cloudycua/javascript-intro-to-arrays-v-000/tmpTestSupport/jasmine.js:1505:22
execute@file:///home/cloudycua/javascript-intro-to-arrays-v-000/tmpTestSupport/jasmine.js:1485:13
queueRunnerFactory@file:///home/cloudycua/javascript-intro-to-arrays-v-000/tmpTestSupport/jasmine.js:518:42
execute@file:///home/cloudycua/javascript-intro-to-arrays-v-000/tmpTestSupport/jasmine.js:306:28
file:///home/cloudycua/javascript-intro-to-arrays-v-000/tmpTestSupport/jasmine.js:1708:44
attemptAsync@file:///home/cloudycua/javascript-intro-to-arrays-v-000/tmpTestSupport/jasmine.js:1520:16
run@file:///home/cloudycua/javascript-intro-to-arrays-v-000/tmpTestSupport/jasmine.js:1496:28
execute@file:///home/cloudycua/javascript-intro-to-arrays-v-000/tmpTestSupport/jasmine.js:1485:13
queueRunnerFactory@file:///home/cloudycua/javascript-intro-to-arrays-v-000/tmpTestSupport/jasmine.js:518:42
execute@file:///home/cloudycua/javascript-intro-to-arrays-v-000/tmpTestSupport/jasmine.js:1694:21
file:///home/cloudycua/javascript-intro-to-arrays-v-000/tmpTestSupport/jasmine.js:1708:44
attemptAsync@file:///home/cloudycua/javascript-intro-to-arrays-v-000/tmpTestSupport/jasmine.js:1520:16
run@file:///home/cloudycua/javascript-intro-to-arrays-v-000/tmpTestSupport/jasmine.js:1496:28
next@file:///home/cloudycua/javascript-intro-to-arrays-v-000/tmpTestSupport/jasmine.js:1517:40
complete@file:///home/cloudycua/javascript-intro-to-arrays-v-000/tmpTestSupport/jasmine.js:1703:19
clearStack@file:///home/cloudycua/javascript-intro-to-arrays-v-000/tmpTestSupport/jasmine.js:506:11
run@file:///home/cloudycua/javascript-intro-to-arrays-v-000/tmpTestSupport/jasmine.js:1505:22
next@file:///home/cloudycua/javascript-intro-to-arrays-v-000/tmpTestSupport/jasmine.js:1517:40
complete@file:///home/cloudycua/javascript-intro-to-arrays-v-000/tmpTestSupport/jasmine.js:333:19
clearStack@file:///home/cloudycua/javascript-intro-to-arrays-v-000/tmpTestSupport/jasmine.js:506:11
run@file:///home/cloudycua/javascript-intro-to-arrays-v-000/tmpTestSupport/jasmine.js:1505:22
execute@file:///home/cloudycua/javascript-intro-to-arrays-v-000/tmpTestSupport/jasmine.js:1485:13
queueRunnerFactory@file:///home/cloudycua/javascript-intro-to-arrays-v-000/tmpTestSupport/jasmine.js:518:42
execute@file:///home/cloudycua/javascript-intro-to-arrays-v-000/tmpTestSupport/jasmine.js:306:28
file:///home/cloudycua/javascript-intro-to-arrays-v-000/tmpTestSupport/jasmine.js:1708:44
attemptAsync@file:///home/cloudycua/javascript-intro-to-arrays-v-000/tmpTestSupport/jasmine.js:1520:16
run@file:///home/cloudycua/javascript-intro-to-arrays-v-000/tmpTestSupport/jasmine.js:1496:28
execute@file:///home/cloudycua/javascript-intro-to-arrays-v-000/tmpTestSupport/jasmine.js:1485:13
queueRunnerFactory@file:///home/cloudycua/javascript-intro-to-arrays-v-000/tmpTestSupport/jasmine.js:518:42
execute@file:///home/cloudycua/javascript-intro-to-arrays-v-000/tmpTestSupport/jasmine.js:1694:21
file:///home/cloudycua/javascript-intro-to-arrays-v-000/tmpTestSupport/jasmine.js:1708:44
attemptAsync@file:///home/cloudycua/javascript-intro-to-arrays-v-000/tmpTestSupport/jasmine.js:1520:16
run@file:///home/cloudycua/javascript-intro-to-arrays-v-000/tmpTestSupport/jasmine.js:1496:28
next@file:///home/cloudycua/javascript-intro-to-arrays-v-000/tmpTestSupport/jasmine.js:1517:40
complete@file:///home/cloudycua/javascript-intro-to-arrays-v-000/tmpTestSupport/jasmine.js:1703:19
clearStack@file:///home/cloudycua/javascript-intro-to-arrays-v-000/tmpTestSupport/jasmine.js:506:11
run@file:///home/cloudycua/javascript-intro-to-arrays-v-000/tmpTestSupport/jasmine.js:1505:22
next@file:///home/cloudycua/javascript-intro-to-arrays-v-000/tmpTestSupport/jasmine.js:1517:40
complete@file:///home/cloudycua/javascript-intro-to-arrays-v-000/tmpTestSupport/jasmine.js:333:19
clearStack@file:///home/cloudycua/javascript-intro-to-arrays-v-000/tmpTestSupport/jasmine.js:506:11
run@file:///home/cloudycua/javascript-intro-to-arrays-v-000/tmpTestSupport/jasmine.js:1505:22
execute@file:///home/cloudycua/javascript-intro-to-arrays-v-000/tmpTestSupport/jasmine.js:1485:13
queueRunnerFactory@file:///home/cloudycua/javascript-intro-to-arrays-v-000/tmpTestSupport/jasmine.js:518:42
execute@file:///home/cloudycua/javascript-intro-to-arrays-v-000/tmpTestSupport/jasmine.js:306:28
file:///home/cloudycua/javascript-intro-to-arrays-v-000/tmpTestSupport/jasmine.js:1708:44
attemptAsync@file:///home/cloudycua/javascript-intro-to-arrays-v-000/tmpTestSupport/jasmine.js:1520:16
run@file:///home/cloudycua/javascript-intro-to-arrays-v-000/tmpTestSupport/jasmine.js:1496:28
execute@file:///home/cloudycua/javascript-intro-to-arrays-v-000/tmpTestSupport/jasmine.js:1485:13
queueRunnerFactory@file:///home/cloudycua/javascript-intro-to-arrays-v-000/tmpTestSupport/jasmine.js:518:42
execute@file:///home/cloudycua/javascript-intro-to-arrays-v-000/tmpTestSupport/jasmine.js:1694:21
file:///home/cloudycua/javascript-intro-to-arrays-v-000/tmpTestSupport/jasmine.js:1708:44
attemptAsync@file:///home/cloudycua/javascript-intro-to-arrays-v-000/tmpTestSupport/jasmine.js:1520:16
run@file:///home/cloudycua/javascript-intro-to-arrays-v-000/tmpTestSupport/jasmine.js:1496:28
execute@file:///home/cloudycua/javascript-intro-to-arrays-v-000/tmpTestSupport/jasmine.js:1485:13
queueRunnerFactory@file:///home/cloudycua/javascript-intro-to-arrays-v-000/tmpTestSupport/jasmine.js:518:42
execute@file:///home/cloudycua/javascript-intro-to-arrays-v-000/tmpTestSupport/jasmine.js:1694:21
file:///home/cloudycua/javascript-intro-to-arrays-v-000/tmpTestSupport/jasmine.js:541:83
attemptAsync@file:///home/cloudycua/javascript-intro-to-arrays-v-000/tmpTestSupport/jasmine.js:1520:16
run@file:///home/cloudycua/javascript-intro-to-arrays-v-000/tmpTestSupport/jasmine.js:1496:28
execute@file:///home/cloudycua/javascript-intro-to-arrays-v-000/tmpTestSupport/jasmine.js:1485:13
queueRunnerFactory@file:///home/cloudycua/javascript-intro-to-arrays-v-000/tmpTestSupport/jasmine.js:518:42
execute@file:///home/cloudycua/javascript-intro-to-arrays-v-000/tmpTestSupport/jasmine.js:548:25
onload@file:///home/cloudycua/javascript-intro-to-arrays-v-000/tmpTestSupport/boot.js:172:16			</failure>
		</testcase>
	</testsuite>
</testsuites>

