<?xml version="1.0" encoding="UTF-8"?>
<testsuites>
	<testsuite tests="1" errors="0" failures="0" time="0.003" timestamp="2019-01-30T17:04:36">
		<testcase classname="#createArray" name="should return an array of strings" time="0.001">
		</testcase>
	</testsuite>
</testsuites>

